{"meta": {"format": 3, "version": "7.16.0", "timestamp": "2026-09-21T10:27:03.206080", "branch_coverage": false, "show_contexts": false}, "files": {"services\\paciente_service.py": {"executed_lines": [20, 21, 23, 25, 41, 44, 47, 50, 58, 90, 92, 94, 96, 107, 109, 118, 129, 131, 140, 142, 151, 158, 165, 167, 169, 171, 173, 175, 180, 188, 202, 208, 211, 213, 220, 234, 245, 247, 249, 251, 254, 268, 286, 292, 294, 297, 300, 302, 304, 306, 308, 311], "summary": {"covered_lines": 52, "num_statements": 53, "percent_covered": 98.11320754716981, "percent_covered_display": "98", "missing_lines": 1, "excluded_lines": 0, "percent_statements_covered": 98.11320754716981, "percent_statements_covered_display": "98"}, "missing_lines": [120], "excluded_lines": [], "functions": {"criar_paciente": {"executed_lines": [90, 92, 94, 96, 107, 109, 118, 129, 131, 140, 142, 151, 158, 165, 167, 169, 171, 173, 175, 180], "summary": {"covered_lines": 20, "num_statements": 21, "percent_covered": 95.23809523809524, "percent_covered_display": "95", "missing_lines": 1, "excluded_lines": 0, "percent_statements_covered": 95.23809523809524, "percent_statements_covered_display": "95"}, "missing_lines": [120], "excluded_lines": [], "start_line": 58}, "listar_pacientes": {"executed_lines": [202, 208, 211, 213, 220], "summary": {"covered_lines": 5, "num_statements": 5, "percent_covered": 100.0, "percent_covered_display": "100", "missing_lines": 0, "excluded_lines": 0, "percent_statements_covered": 100.0, "percent_statements_covered_display": "100"}, "missing_lines": [], "excluded_lines": [], "start_line": 188}, "buscar_por_id": {"executed_lines": [245, 247, 249, 251, 254], "summary": {"covered_lines": 5, "num_statements": 5, "percent_covered": 100.0, "percent_covered_display": "100", "missing_lines": 0, "excluded_lines": 0, "percent_statements_covered": 100.0, "percent_statements_covered_display": "100"}, "missing_lines": [], "excluded_lines": [], "start_line": 234}, "remover_paciente": {"executed_lines": [286, 292, 294, 297, 300, 302, 304, 306, 308, 311], "summary": {"covered_lines": 10, "num_statements": 10, "percent_covered": 100.0, "percent_covered_display": "100", "missing_lines": 0, "excluded_lines": 0, "percent_statements_covered": 100.0, "percent_statements_covered_display": "100"}, "missing_lines": [], "excluded_lines": [], "start_line": 268}, "": {"executed_lines": [20, 21, 23, 25, 41, 44, 47, 50, 58, 188, 234, 268], "summary": {"covered_lines": 12, "num_statements": 12, "percent_covered": 100.0, "percent_covered_display": "100", "missing_lines": 0, "excluded_lines": 0, "percent_statements_covered": 100.0, "percent_statements_covered_display": "100"}, "missing_lines": [], "excluded_lines": [], "start_line": 1}}, "classes": {"PacienteJaExisteError": {"executed_lines": [], "summary": {"covered_lines": 0, "num_statements": 0, "percent_covered": 100.0, "percent_covered_display": "100", "missing_lines": 0, "excluded_lines": 0, "percent_statements_covered": 100.0, "percent_statements_covered_display": "100"}, "missing_lines": [], "excluded_lines": [], "start_line": 41}, "DadosPacienteInvalidosError": {"executed_lines": [], "summary": {"covered_lines": 0, "num_statements": 0, "percent_covered": 100.0, "percent_covered_display": "100", "missing_lines": 0, "excluded_lines": 0, "percent_statements_covered": 100.0, "percent_statements_covered_display": "100"}, "missing_lines": [], "excluded_lines": [], "start_line": 47}, "": {"executed_lines": [20, 21, 23, 25, 41, 44, 47, 50, 58, 90, 92, 94, 96, 107, 109, 118, 129, 131, 140, 142, 151, 158, 165, 167, 169, 171, 173, 175, 180, 188, 202, 208, 211, 213, 220, 234, 245, 247, 249, 251, 254, 268, 286, 292, 294, 297, 300, 302, 304, 306, 308, 311], "summary": {"covered_lines": 52, "num_statements": 53, "percent_covered": 98.11320754716981, "percent_covered_display": "98", "missing_lines": 1, "excluded_lines": 0, "percent_statements_covered": 98.11320754716981, "percent_statements_covered_display": "98"}, "missing_lines": [120], "excluded_lines": [], "start_line": 1}}}, "services\\profissional_service.py": {"executed_lines": [19, 21, 22, 23, 25, 26, 28, 31, 37, 40, 43, 46, 49, 67, 69, 70, 72, 81, 98, 100, 104, 112, 114, 122, 127, 135, 140, 148, 154, 160, 162, 164, 166, 168, 170, 174, 177, 197, 199, 203, 207, 211, 217, 219, 227, 232, 240, 245, 253, 258, 266, 271, 279, 288, 290, 298, 307, 309, 317, 324, 330, 336, 343, 349, 351, 353, 355, 357, 359, 363, 365, 367, 369, 372, 386, 392, 394, 396, 402, 411, 421, 426, 428, 430, 432, 441, 459, 464, 466, 468, 470, 472, 474, 476, 478, 480], "summary": {"covered_lines": 96, "num_statements": 96, "percent_covered": 100.0, "percent_covered_display": "100", "missing_lines": 0, "excluded_lines": 0, "percent_statements_covered": 100.0, "percent_statements_covered_display": "100"}, "missing_lines": [], "excluded_lines": [], "functions": {"_validar_nome_profissional": {"executed_lines": [67, 69, 70, 72], "summary": {"covered_lines": 4, "num_statements": 4, "percent_covered": 100.0, "percent_covered_display": "100", "missing_lines": 0, "excluded_lines": 0, "percent_statements_covered": 100.0, "percent_statements_covered_display": "100"}, "missing_lines": [], "excluded_lines": [], "start_line": 49}, "criar_profissional": {"executed_lines": [98, 100, 104, 112, 114, 122, 127, 135, 140, 148, 154, 160, 162, 164, 166, 168, 170, 174], "summary": {"covered_lines": 18, "num_statements": 18, "percent_covered": 100.0, "percent_covered_display": "100", "missing_lines": 0, "excluded_lines": 0, "percent_statements_covered": 100.0, "percent_statements_covered_display": "100"}, "missing_lines": [], "excluded_lines": [], "start_line": 81}, "criar_profissional_com_usuario": {"executed_lines": [197, 199, 203, 207, 211, 217, 219, 227, 232, 240, 245, 253, 258, 266, 271, 279, 288, 290, 298, 307, 309, 317, 324, 330, 336, 343, 349, 351, 353, 355, 357, 359, 363, 365, 367, 369], "summary": {"covered_lines": 36, "num_statements": 36, "percent_covered": 100.0, "percent_covered_display": "100", "missing_lines": 0, "excluded_lines": 0, "percent_statements_covered": 100.0, "percent_statements_covered_display": "100"}, "missing_lines": [], "excluded_lines": [], "start_line": 177}, "listar_profissionais": {"executed_lines": [386, 392, 394, 396, 402], "summary": {"covered_lines": 5, "num_statements": 5, "percent_covered": 100.0, "percent_covered_display": "100", "missing_lines": 0, "excluded_lines": 0, "percent_statements_covered": 100.0, "percent_statements_covered_display": "100"}, "missing_lines": [], "excluded_lines": [], "start_line": 372}, "buscar_profissional_por_id": {"executed_lines": [421, 426, 428, 430, 432], "summary": {"covered_lines": 5, "num_statements": 5, "percent_covered": 100.0, "percent_covered_display": "100", "missing_lines": 0, "excluded_lines": 0, "percent_statements_covered": 100.0, "percent_statements_covered_display": "100"}, "missing_lines": [], "excluded_lines": [], "start_line": 411}, "remover_profissional": {"executed_lines": [459, 464, 466, 468, 470, 472, 474, 476, 478, 480], "summary": {"covered_lines": 10, "num_statements": 10, "percent_covered": 100.0, "percent_covered_display": "100", "missing_lines": 0, "excluded_lines": 0, "percent_statements_covered": 100.0, "percent_statements_covered_display": "100"}, "missing_lines": [], "excluded_lines": [], "start_line": 441}, "": {"executed_lines": [19, 21, 22, 23, 25, 26, 28, 31, 37, 40, 43, 46, 49, 81, 177, 372, 411, 441], "summary": {"covered_lines": 18, "num_statements": 18, "percent_covered": 100.0, "percent_covered_display": "100", "missing_lines": 0, "excluded_lines": 0, "percent_statements_covered": 100.0, "percent_statements_covered_display": "100"}, "missing_lines": [], "excluded_lines": [], "start_line": 1}}, "classes": {"ProfissionalJaExisteError": {"executed_lines": [], "summary": {"covered_lines": 0, "num_statements": 0, "percent_covered": 100.0, "percent_covered_display": "100", "missing_lines": 0, "excluded_lines": 0, "percent_statements_covered": 100.0, "percent_statements_covered_display": "100"}, "missing_lines": [], "excluded_lines": [], "start_line": 37}, "DadosProfissionalInvalidosError": {"executed_lines": [], "summary": {"covered_lines": 0, "num_statements": 0, "percent_covered": 100.0, "percent_covered_display": "100", "missing_lines": 0, "excluded_lines": 0, "percent_statements_covered": 100.0, "percent_statements_covered_display": "100"}, "missing_lines": [], "excluded_lines": [], "start_line": 43}, "": {"executed_lines": [19, 21, 22, 23, 25, 26, 28, 31, 37, 40, 43, 46, 49, 67, 69, 70, 72, 81, 98, 100, 104, 112, 114, 122, 127, 135, 140, 148, 154, 160, 162, 164, 166, 168, 170, 174, 177, 197, 199, 203, 207, 211, 217, 219, 227, 232, 240, 245, 253, 258, 266, 271, 279, 288, 290, 298, 307, 309, 317, 324, 330, 336, 343, 349, 351, 353, 355, 357, 359, 363, 365, 367, 369, 372, 386, 392, 394, 396, 402, 411, 421, 426, 428, 430, 432, 441, 459, 464, 466, 468, 470, 472, 474, 476, 478, 480], "summary": {"covered_lines": 96, "num_statements": 96, "percent_covered": 100.0, "percent_covered_display": "100", "missing_lines": 0, "excluded_lines": 0, "percent_statements_covered": 100.0, "percent_statements_covered_display": "100"}, "missing_lines": [], "excluded_lines": [], "start_line": 1}}}, "utils\\auth_guard.py": {"executed_lines": [11, 14, 17, 26, 28, 29, 31, 37, 44, 46, 50, 53, 65, 67, 70, 78], "summary": {"covered_lines": 16, "num_statements": 16, "percent_covered": 100.0, "percent_covered_display": "100", "missing_lines": 0, "excluded_lines": 0, "percent_statements_covered": 100.0, "percent_statements_covered_display": "100"}, "missing_lines": [], "excluded_lines": [], "functions": {"usuario_autenticado": {"executed_lines": [26, 28, 29, 31], "summary": {"covered_lines": 4, "num_statements": 4, "percent_covered": 100.0, "percent_covered_display": "100", "missing_lines": 0, "excluded_lines": 0, "percent_statements_covered": 100.0, "percent_statements_covered_display": "100"}, "missing_lines": [], "excluded_lines": [], "start_line": 17}, "exigir_login": {"executed_lines": [44, 46, 50], "summary": {"covered_lines": 3, "num_statements": 3, "percent_covered": 100.0, "percent_covered_display": "100", "missing_lines": 0, "excluded_lines": 0, "percent_statements_covered": 100.0, "percent_statements_covered_display": "100"}, "missing_lines": [], "excluded_lines": [], "start_line": 37}, "obter_usuario_autenticado": {"executed_lines": [65, 67], "summary": {"covered_lines": 2, "num_statements": 2, "percent_covered": 100.0, "percent_covered_display": "100", "missing_lines": 0, "excluded_lines": 0, "percent_statements_covered": 100.0, "percent_statements_covered_display": "100"}, "missing_lines": [], "excluded_lines": [], "start_line": 53}, "encerrar_sessao": {"executed_lines": [78], "summary": {"covered_lines": 1, "num_statements": 1, "percent_covered": 100.0, "percent_covered_display": "100", "missing_lines": 0, "excluded_lines": 0, "percent_statements_covered": 100.0, "percent_statements_covered_display": "100"}, "missing_lines": [], "excluded_lines": [], "start_line": 70}, "": {"executed_lines": [11, 14, 17, 37, 53, 70], "summary": {"covered_lines": 6, "num_statements": 6, "percent_covered": 100.0, "percent_covered_display": "100", "missing_lines": 0, "excluded_lines": 0, "percent_statements_covered": 100.0, "percent_statements_covered_display": "100"}, "missing_lines": [], "excluded_lines": [], "start_line": 1}}, "classes": {"": {"executed_lines": [11, 14, 17, 26, 28, 29, 31, 37, 44, 46, 50, 53, 65, 67, 70, 78], "summary": {"covered_lines": 16, "num_statements": 16, "percent_covered": 100.0, "percent_covered_display": "100", "missing_lines": 0, "excluded_lines": 0, "percent_statements_covered": 100.0, "percent_statements_covered_display": "100"}, "missing_lines": [], "excluded_lines": [], "start_line": 1}}}, "utils\\validators.py": {"executed_lines": [8, 13, 22, 29, 40, 46, 47, 54, 55, 62, 67, 69, 75, 83, 88, 90, 96, 97, 100, 103, 110, 112, 113, 115, 127, 132, 139, 149, 151, 154, 161, 163, 164, 166, 173, 178, 185, 194, 198, 204, 217, 226, 228, 239, 241, 248, 255, 266, 270, 271, 273, 275, 276, 278, 290, 299, 303], "summary": {"covered_lines": 57, "num_statements": 58, "percent_covered": 98.27586206896552, "percent_covered_display": "98", "missing_lines": 1, "excluded_lines": 0, "percent_statements_covered": 98.27586206896552, "percent_statements_covered_display": "98"}, "missing_lines": [76], "excluded_lines": [], "functions": {"limpar_cpf": {"executed_lines": [22], "summary": {"covered_lines": 1, "num_statements": 1, "percent_covered": 100.0, "percent_covered_display": "100", "missing_lines": 0, "excluded_lines": 0, "percent_statements_covered": 100.0, "percent_statements_covered_display": "100"}, "missing_lines": [], "excluded_lines": [], "start_line": 13}, "validar_cpf": {"executed_lines": [40, 46, 47, 54, 55, 62, 67, 69, 75, 83, 88, 90, 96, 97, 100], "summary": {"covered_lines": 15, "num_statements": 16, "percent_covered": 93.75, "percent_covered_display": "94", "missing_lines": 1, "excluded_lines": 0, "percent_statements_covered": 93.75, "percent_statements_covered_display": "94"}, "missing_lines": [76], "excluded_lines": [], "start_line": 29}, "formatar_cpf": {"executed_lines": [110, 112, 113, 115], "summary": {"covered_lines": 4, "num_statements": 4, "percent_covered": 100.0, "percent_covered_display": "100", "missing_lines": 0, "excluded_lines": 0, "percent_statements_covered": 100.0, "percent_statements_covered_display": "100"}, "missing_lines": [], "excluded_lines": [], "start_line": 103}, "limpar_cep": {"executed_lines": [132], "summary": {"covered_lines": 1, "num_statements": 1, "percent_covered": 100.0, "percent_covered_display": "100", "missing_lines": 0, "excluded_lines": 0, "percent_statements_covered": 100.0, "percent_statements_covered_display": "100"}, "missing_lines": [], "excluded_lines": [], "start_line": 127}, "validar_cep": {"executed_lines": [149, 151], "summary": {"covered_lines": 2, "num_statements": 2, "percent_covered": 100.0, "percent_covered_display": "100", "missing_lines": 0, "excluded_lines": 0, "percent_statements_covered": 100.0, "percent_statements_covered_display": "100"}, "missing_lines": [], "excluded_lines": [], "start_line": 139}, "formatar_cep": {"executed_lines": [161, 163, 164, 166], "summary": {"covered_lines": 4, "num_statements": 4, "percent_covered": 100.0, "percent_covered_display": "100", "missing_lines": 0, "excluded_lines": 0, "percent_statements_covered": 100.0, "percent_statements_covered_display": "100"}, "missing_lines": [], "excluded_lines": [], "start_line": 154}, "limpar_telefone": {"executed_lines": [178], "summary": {"covered_lines": 1, "num_statements": 1, "percent_covered": 100.0, "percent_covered_display": "100", "missing_lines": 0, "excluded_lines": 0, "percent_statements_covered": 100.0, "percent_statements_covered_display": "100"}, "missing_lines": [], "excluded_lines": [], "start_line": 173}, "validar_telefone": {"executed_lines": [194, 198], "summary": {"covered_lines": 2, "num_statements": 2, "percent_covered": 100.0, "percent_covered_display": "100", "missing_lines": 0, "excluded_lines": 0, "percent_statements_covered": 100.0, "percent_statements_covered_display": "100"}, "missing_lines": [], "excluded_lines": [], "start_line": 185}, "formatar_telefone": {"executed_lines": [217, 226, 228, 239, 241, 248], "summary": {"covered_lines": 6, "num_statements": 6, "percent_covered": 100.0, "percent_covered_display": "100", "missing_lines": 0, "excluded_lines": 0, "percent_statements_covered": 100.0, "percent_statements_covered_display": "100"}, "missing_lines": [], "excluded_lines": [], "start_line": 204}, "validar_nome": {"executed_lines": [266, 270, 271, 273, 275, 276, 278], "summary": {"covered_lines": 7, "num_statements": 7, "percent_covered": 100.0, "percent_covered_display": "100", "missing_lines": 0, "excluded_lines": 0, "percent_statements_covered": 100.0, "percent_statements_covered_display": "100"}, "missing_lines": [], "excluded_lines": [], "start_line": 255}, "validar_texto_obrigatorio": {"executed_lines": [299, 303], "summary": {"covered_lines": 2, "num_statements": 2, "percent_covered": 100.0, "percent_covered_display": "100", "missing_lines": 0, "excluded_lines": 0, "percent_statements_covered": 100.0, "percent_statements_covered_display": "100"}, "missing_lines": [], "excluded_lines": [], "start_line": 290}, "": {"executed_lines": [8, 13, 29, 103, 127, 139, 154, 173, 185, 204, 255, 290], "summary": {"covered_lines": 12, "num_statements": 12, "percent_covered": 100.0, "percent_covered_display": "100", "missing_lines": 0, "excluded_lines": 0, "percent_statements_covered": 100.0, "percent_statements_covered_display": "100"}, "missing_lines": [], "excluded_lines": [], "start_line": 1}}, "classes": {"": {"executed_lines": [8, 13, 22, 29, 40, 46, 47, 54, 55, 62, 67, 69, 75, 83, 88, 90, 96, 97, 100, 103, 110, 112, 113, 115, 127, 132, 139, 149, 151, 154, 161, 163, 164, 166, 173, 178, 185, 194, 198, 204, 217, 226, 228, 239, 241, 248, 255, 266, 270, 271, 273, 275, 276, 278, 290, 299, 303], "summary": {"covered_lines": 57, "num_statements": 58, "percent_covered": 98.27586206896552, "percent_covered_display": "98", "missing_lines": 1, "excluded_lines": 0, "percent_statements_covered": 98.27586206896552, "percent_statements_covered_display": "98"}, "missing_lines": [76], "excluded_lines": [], "start_line": 1}}}}, "totals": {"covered_lines": 221, "num_statements": 223, "percent_covered": 99.10313901345292, "percent_covered_display": "99", "missing_lines": 2, "excluded_lines": 0, "percent_statements_covered": 99.10313901345292, "percent_statements_covered_display": "99"}}